2048/Temp/gradleOut/launcher/build/intermediates/manifest_merge_blame_file/release/manifest-merger-blame-release-report.txt
1<?xml version="1.0" encoding="utf-8"?>
2<!-- GENERATED BY UNITY. REMOVE THIS COMMENT TO PREVENT OVERWRITING WHEN EXPORTING AGAIN -->
3<manifest xmlns:android="http://schemas.android.com/apk/res/android"
4    package="com.a3fun.merge2048"
5    android:installLocation="preferExternal"
6    android:versionCode="1"
7    android:versionName="0.1" >
8
9    <uses-sdk
10        android:minSdkVersion="31"
10-->src/main/AndroidManifest.xml
11        android:targetSdkVersion="33" />
11-->src/main/AndroidManifest.xml
12
13    <supports-screens
13-->src/main/AndroidManifest.xml:4:3-163
14        android:anyDensity="true"
14-->src/main/AndroidManifest.xml:4:135-160
15        android:largeScreens="true"
15-->src/main/AndroidManifest.xml:4:78-105
16        android:normalScreens="true"
16-->src/main/AndroidManifest.xml:4:49-77
17        android:smallScreens="true"
17-->src/main/AndroidManifest.xml:4:21-48
18        android:xlargeScreens="true" />
18-->src/main/AndroidManifest.xml:4:106-134
19
20    <uses-permission android:name="android.permission.ACCESS_NETWORK_STATE" />
20-->src/main/AndroidManifest.xml:8:3-77
20-->src/main/AndroidManifest.xml:8:20-74
21    <uses-permission android:name="android.permission.INTERNET" />
21-->src/main/AndroidManifest.xml:9:3-65
21-->src/main/AndroidManifest.xml:9:20-62
22
23    <uses-feature android:glEsVersion="0x00030000" />
23-->[:unityLibrary] AndroidManifest.xml:13:5-54
23-->[:unityLibrary] AndroidManifest.xml:13:19-51
24    <uses-feature
24-->[:unityLibrary] AndroidManifest.xml:14:5-16:36
25        android:name="android.hardware.vulkan.version"
25-->[:unityLibrary] AndroidManifest.xml:15:9-55
26        android:required="false" />
26-->[:unityLibrary] AndroidManifest.xml:16:9-33
27    <uses-feature
27-->[:unityLibrary] AndroidManifest.xml:20:5-22:36
28        android:name="android.hardware.touchscreen"
28-->[:unityLibrary] AndroidManifest.xml:21:9-52
29        android:required="false" />
29-->[:unityLibrary] AndroidManifest.xml:22:9-33
30    <uses-feature
30-->[:unityLibrary] AndroidManifest.xml:23:5-25:36
31        android:name="android.hardware.touchscreen.multitouch"
31-->[:unityLibrary] AndroidManifest.xml:24:9-63
32        android:required="false" />
32-->[:unityLibrary] AndroidManifest.xml:25:9-33
33    <uses-feature
33-->[:unityLibrary] AndroidManifest.xml:26:5-28:36
34        android:name="android.hardware.touchscreen.multitouch.distinct"
34-->[:unityLibrary] AndroidManifest.xml:27:9-72
35        android:required="false" />
35-->[:unityLibrary] AndroidManifest.xml:28:9-33
36
37    <application
37-->src/main/AndroidManifest.xml:5:3-7:17
38        android:extractNativeLibs="true"
38-->src/main/AndroidManifest.xml:5:16-48
39        android:icon="@mipmap/app_icon"
39-->src/main/AndroidManifest.xml:5:82-113
40        android:label="@string/app_name" >
40-->src/main/AndroidManifest.xml:5:49-81
41        <meta-data
41-->src/main/AndroidManifest.xml:6:5-72
42            android:name="unity.builder"
42-->src/main/AndroidManifest.xml:6:16-44
43            android:value="\5494978" />
43-->src/main/AndroidManifest.xml:6:45-69
44
45        <activity
45-->[:unityLibrary] AndroidManifest.xml:31:9-49:20
46            android:name="com.unity3d.player.UnityPlayerActivity"
46-->[:unityLibrary] AndroidManifest.xml:32:13-66
47            android:configChanges="mcc|mnc|locale|touchscreen|keyboard|keyboardHidden|navigation|orientation|screenLayout|uiMode|screenSize|smallestScreenSize|fontScale|layoutDirection|density"
47-->[:unityLibrary] AndroidManifest.xml:33:13-194
48            android:exported="true"
48-->[:unityLibrary] AndroidManifest.xml:34:13-36
49            android:hardwareAccelerated="false"
49-->[:unityLibrary] AndroidManifest.xml:35:13-48
50            android:launchMode="singleTask"
50-->[:unityLibrary] AndroidManifest.xml:36:13-44
51            android:resizeableActivity="false"
51-->[:unityLibrary] AndroidManifest.xml:37:13-47
52            android:screenOrientation="portrait"
52-->[:unityLibrary] AndroidManifest.xml:38:13-49
53            android:theme="@style/UnityThemeSelector" >
53-->[:unityLibrary] AndroidManifest.xml:39:13-54
54            <intent-filter>
54-->[:unityLibrary] AndroidManifest.xml:40:13-44:29
55                <action android:name="android.intent.action.MAIN" />
55-->[:unityLibrary] AndroidManifest.xml:41:17-69
55-->[:unityLibrary] AndroidManifest.xml:41:25-66
56
57                <category android:name="android.intent.category.LAUNCHER" />
57-->[:unityLibrary] AndroidManifest.xml:43:17-77
57-->[:unityLibrary] AndroidManifest.xml:43:27-74
58            </intent-filter>
59
60            <meta-data
60-->[:unityLibrary] AndroidManifest.xml:46:13-48:40
61                android:name="unityplayer.UnityActivity"
61-->[:unityLibrary] AndroidManifest.xml:47:17-57
62                android:value="true" />
62-->[:unityLibrary] AndroidManifest.xml:48:17-37
63        </activity>
64
65        <meta-data
65-->[:unityLibrary] AndroidManifest.xml:51:9-53:33
66            android:name="unity.splash-mode"
66-->[:unityLibrary] AndroidManifest.xml:52:13-45
67            android:value="0" />
67-->[:unityLibrary] AndroidManifest.xml:53:13-30
68        <meta-data
68-->[:unityLibrary] AndroidManifest.xml:54:9-56:36
69            android:name="unity.splash-enable"
69-->[:unityLibrary] AndroidManifest.xml:55:13-47
70            android:value="True" />
70-->[:unityLibrary] AndroidManifest.xml:56:13-33
71        <meta-data
71-->[:unityLibrary] AndroidManifest.xml:57:9-59:37
72            android:name="unity.allow-resizable-window"
72-->[:unityLibrary] AndroidManifest.xml:58:13-56
73            android:value="False" />
73-->[:unityLibrary] AndroidManifest.xml:59:13-34
74        <meta-data
74-->[:unityLibrary] AndroidManifest.xml:60:9-62:68
75            android:name="unity.build-id"
75-->[:unityLibrary] AndroidManifest.xml:61:13-42
76            android:value="6874e8ae-5d18-4fd7-a67e-b310a838f826" />
76-->[:unityLibrary] AndroidManifest.xml:62:13-65
77    </application>
78
79</manifest>